<?xml version="1.0" encoding="UTF-8"?>
<!-- Generated by org.testng.reporters.JUnitReportReporter -->
<testsuite name="com.myproject.testcases.HomePageTest" tests="1" time="14.861" ignored="2" failures="0" timestamp="29 Sep 2020 17:47:03 GMT" skipped="0" hostname="DESKTOP-RO5AP5V" errors="0">
  <testcase name="verifyhomepage" time="14.861" classname="com.myproject.testcases.HomePageTest"/>
  <testcase name="invalidlogin" classname="com.myproject.testcases.LoginPageTest">
    <skipped/>
  </testcase> <!-- invalidlogin -->
  <testcase name="login1" classname="com.myproject.testcases.LoginPageTest">
    <skipped/>
  </testcase> <!-- login1 -->
</testsuite> <!-- com.myproject.testcases.HomePageTest -->
