<?xml version="1.0" encoding="UTF-8"?>
<!-- Generated by org.testng.reporters.JUnitReportReporter -->
<testsuite name="programesPractice.Arraysort" tests="1" time="0.023" ignored="0" failures="0" timestamp="04 Oct 2020 09:03:38 GMT" skipped="0" hostname="DESKTOP-RO5AP5V" errors="0">
  <testcase name="sortarray" time="0.023" classname="programesPractice.Arraysort"/>
</testsuite> <!-- programesPractice.Arraysort -->
