<?xml version="1.0" encoding="UTF-8"?>
<!-- Generated by org.testng.reporters.JUnitReportReporter -->
<testsuite name="com.myproject.baseclass.Baseclass" tests="1" time="19.550" ignored="0" failures="0" timestamp="26 Sep 2020 16:43:30 GMT" skipped="0" hostname="DESKTOP-RO5AP5V" errors="0">
  <testcase name="launchapp" time="19.550" classname="com.myproject.baseclass.Baseclass"/>
</testsuite> <!-- com.myproject.baseclass.Baseclass -->
