<?xml version="1.0" encoding="UTF-8"?>
<!-- Generated by org.testng.reporters.JUnitReportReporter -->
<testsuite name="com.myproject.testcases.LoginPageTest" tests="3" time="44.543" ignored="1" failures="0" timestamp="29 Sep 2020 17:45:11 GMT" skipped="0" hostname="DESKTOP-RO5AP5V" errors="0">
  <testcase name="login1" time="10.668" classname="com.myproject.testcases.LoginPageTest"/>
  <testcase name="login1" time="20.673" classname="com.myproject.testcases.LoginPageTest"/>
  <testcase name="login1" time="13.202" classname="com.myproject.testcases.LoginPageTest"/>
  <testcase name="invalidlogin" classname="com.myproject.testcases.LoginPageTest">
    <skipped/>
  </testcase> <!-- invalidlogin -->
</testsuite> <!-- com.myproject.testcases.LoginPageTest -->
