<?xml version="1.0" encoding="UTF-8"?>
<!-- Generated by org.testng.reporters.JUnitReportReporter -->
<testsuite name="com.myproject.testcases.HomePageTest" tests="1" time="11.626" ignored="0" failures="0" timestamp="12 Oct 2020 12:09:31 GMT" skipped="0" hostname="DESKTOP-RO5AP5V" errors="0">
  <testcase name="verifyhomepage" time="11.626" classname="com.myproject.testcases.HomePageTest"/>
</testsuite> <!-- com.myproject.testcases.HomePageTest -->
