<?xml version="1.0" encoding="UTF-8"?>
<!-- Generated by org.testng.reporters.JUnitReportReporter -->
<testsuite name="com.myproject.testcases.HomePageTest" tests="1" time="9.974" ignored="0" failures="0" timestamp="13 Oct 2020 05:09:51 GMT" skipped="0" hostname="DESKTOP-RO5AP5V" errors="0">
  <testcase name="verifyhomepage" time="9.974" classname="com.myproject.testcases.HomePageTest"/>
</testsuite> <!-- com.myproject.testcases.HomePageTest -->
