<?xml version="1.0" encoding="UTF-8"?>
<!-- Generated by org.testng.reporters.JUnitReportReporter -->
<testsuite name="com.myproject.testcases.LoginPageTest" tests="2" time="40.998" ignored="0" failures="0" timestamp="28 Sep 2020 16:29:18 GMT" skipped="0" hostname="DESKTOP-RO5AP5V" errors="0">
  <testcase name="login1" time="11.196" classname="com.myproject.testcases.LoginPageTest"/>
  <testcase name="invalidlogin" time="29.802" classname="com.myproject.testcases.LoginPageTest"/>
</testsuite> <!-- com.myproject.testcases.LoginPageTest -->
